[2025-08-15T19:49:18.005+0000] {taskinstance.py:1956} INFO - Dependencies all met for dep_context=non-requeueable deps ti=<TaskInstance: etl_quotes.extract_quotes_task manual__2025-08-15T19:49:16.812133+00:00 [queued]>
[2025-08-15T19:49:18.015+0000] {taskinstance.py:1956} INFO - Dependencies all met for dep_context=requeueable deps ti=<TaskInstance: etl_quotes.extract_quotes_task manual__2025-08-15T19:49:16.812133+00:00 [queued]>
[2025-08-15T19:49:18.015+0000] {taskinstance.py:2170} INFO - Starting attempt 1 of 1
[2025-08-15T19:49:18.028+0000] {taskinstance.py:2191} INFO - Executing <Task(PythonOperator): extract_quotes_task> on 2025-08-15 19:49:16.812133+00:00
[2025-08-15T19:49:18.034+0000] {standard_task_runner.py:60} INFO - Started process 825 to run task
[2025-08-15T19:49:18.037+0000] {standard_task_runner.py:87} INFO - Running: ['airflow', 'tasks', 'run', 'etl_quotes', 'extract_quotes_task', 'manual__2025-08-15T19:49:16.812133+00:00', '--job-id', '9', '--raw', '--subdir', 'DAGS_FOLDER/etl_quotes.py', '--cfg-path', '/tmp/tmpvxylkah3']
[2025-08-15T19:49:18.039+0000] {standard_task_runner.py:88} INFO - Job 9: Subtask extract_quotes_task
[2025-08-15T19:49:18.060+0000] {logging_mixin.py:188} WARNING - /home/airflow/.local/lib/python3.8/site-packages/airflow/settings.py:194 DeprecationWarning: The sql_alchemy_conn option in [core] has been moved to the sql_alchemy_conn option in [database] - the old setting has been used, but please update your config.
[2025-08-15T19:49:18.098+0000] {task_command.py:423} INFO - Running <TaskInstance: etl_quotes.extract_quotes_task manual__2025-08-15T19:49:16.812133+00:00 [running]> on host ce06bc1fd883
[2025-08-15T19:49:18.190+0000] {taskinstance.py:2480} INFO - Exporting env vars: AIRFLOW_CTX_DAG_OWNER='airflow' AIRFLOW_CTX_DAG_ID='etl_quotes' AIRFLOW_CTX_TASK_ID='extract_quotes_task' AIRFLOW_CTX_EXECUTION_DATE='2025-08-15T19:49:16.812133+00:00' AIRFLOW_CTX_TRY_NUMBER='1' AIRFLOW_CTX_DAG_RUN_ID='manual__2025-08-15T19:49:16.812133+00:00'
[2025-08-15T19:49:19.073+0000] {logging_mixin.py:188} INFO - Página 1 → 10 frases coletadas
[2025-08-15T19:49:19.800+0000] {logging_mixin.py:188} INFO - Página 2 → 10 frases coletadas
[2025-08-15T19:49:20.404+0000] {logging_mixin.py:188} INFO - Página 3 → 10 frases coletadas
[2025-08-15T19:49:21.090+0000] {logging_mixin.py:188} INFO - Página 4 → 10 frases coletadas
[2025-08-15T19:49:21.791+0000] {logging_mixin.py:188} INFO - Página 5 → 10 frases coletadas
[2025-08-15T19:49:22.485+0000] {logging_mixin.py:188} INFO - Página 6 → 10 frases coletadas
[2025-08-15T19:49:23.274+0000] {logging_mixin.py:188} INFO - Página 7 → 10 frases coletadas
[2025-08-15T19:49:24.024+0000] {logging_mixin.py:188} INFO - Página 8 → 10 frases coletadas
[2025-08-15T19:49:24.806+0000] {logging_mixin.py:188} INFO - Página 9 → 10 frases coletadas
[2025-08-15T19:49:25.445+0000] {logging_mixin.py:188} INFO - Página 10 → 10 frases coletadas
[2025-08-15T19:49:25.942+0000] {logging_mixin.py:188} INFO - Total de 100 frases salvas em /opt/airflow/dags/quotes.csv
[2025-08-15T19:49:25.946+0000] {python.py:201} INFO - Done. Returned value was: None
[2025-08-15T19:49:25.957+0000] {taskinstance.py:1138} INFO - Marking task as SUCCESS. dag_id=etl_quotes, task_id=extract_quotes_task, execution_date=20250815T194916, start_date=20250815T194918, end_date=20250815T194925
[2025-08-15T19:49:26.013+0000] {local_task_job_runner.py:234} INFO - Task exited with return code 0
[2025-08-15T19:49:26.042+0000] {taskinstance.py:3280} INFO - 1 downstream tasks scheduled from follow-on schedule check
