[2025-08-15T18:56:01.525+0000] {taskinstance.py:1956} INFO - Dependencies all met for dep_context=non-requeueable deps ti=<TaskInstance: scrape_quotes.coletar_frases_task scheduled__2025-08-14T00:00:00+00:00 [queued]>
[2025-08-15T18:56:01.531+0000] {taskinstance.py:1956} INFO - Dependencies all met for dep_context=requeueable deps ti=<TaskInstance: scrape_quotes.coletar_frases_task scheduled__2025-08-14T00:00:00+00:00 [queued]>
[2025-08-15T18:56:01.531+0000] {taskinstance.py:2170} INFO - Starting attempt 1 of 1
[2025-08-15T18:56:01.540+0000] {taskinstance.py:2191} INFO - Executing <Task(PythonOperator): coletar_frases_task> on 2025-08-14 00:00:00+00:00
[2025-08-15T18:56:01.544+0000] {standard_task_runner.py:60} INFO - Started process 308 to run task
[2025-08-15T18:56:01.547+0000] {standard_task_runner.py:87} INFO - Running: ['airflow', 'tasks', 'run', 'scrape_quotes', 'coletar_frases_task', 'scheduled__2025-08-14T00:00:00+00:00', '--job-id', '3', '--raw', '--subdir', 'DAGS_FOLDER/scrape_quotes.py', '--cfg-path', '/tmp/tmp7plplnkd']
[2025-08-15T18:56:01.548+0000] {standard_task_runner.py:88} INFO - Job 3: Subtask coletar_frases_task
[2025-08-15T18:56:01.560+0000] {logging_mixin.py:188} WARNING - /home/airflow/.local/lib/python3.8/site-packages/airflow/settings.py:194 DeprecationWarning: The sql_alchemy_conn option in [core] has been moved to the sql_alchemy_conn option in [database] - the old setting has been used, but please update your config.
[2025-08-15T18:56:01.587+0000] {task_command.py:423} INFO - Running <TaskInstance: scrape_quotes.coletar_frases_task scheduled__2025-08-14T00:00:00+00:00 [running]> on host 1b6b562ad760
[2025-08-15T18:56:01.654+0000] {taskinstance.py:2480} INFO - Exporting env vars: AIRFLOW_CTX_DAG_OWNER='airflow' AIRFLOW_CTX_DAG_ID='scrape_quotes' AIRFLOW_CTX_TASK_ID='coletar_frases_task' AIRFLOW_CTX_EXECUTION_DATE='2025-08-14T00:00:00+00:00' AIRFLOW_CTX_TRY_NUMBER='1' AIRFLOW_CTX_DAG_RUN_ID='scheduled__2025-08-14T00:00:00+00:00'
[2025-08-15T18:56:02.424+0000] {logging_mixin.py:188} INFO - Página 1 → 10 frases coletadas
[2025-08-15T18:56:02.873+0000] {logging_mixin.py:188} INFO - Página 2 → 10 frases coletadas
[2025-08-15T18:56:03.517+0000] {logging_mixin.py:188} INFO - Página 3 → 10 frases coletadas
[2025-08-15T18:56:03.962+0000] {logging_mixin.py:188} INFO - Página 4 → 10 frases coletadas
[2025-08-15T18:56:04.420+0000] {logging_mixin.py:188} INFO - Página 5 → 10 frases coletadas
[2025-08-15T18:56:04.881+0000] {logging_mixin.py:188} INFO - Página 6 → 10 frases coletadas
[2025-08-15T18:56:05.355+0000] {logging_mixin.py:188} INFO - Página 7 → 10 frases coletadas
[2025-08-15T18:56:05.834+0000] {logging_mixin.py:188} INFO - Página 8 → 10 frases coletadas
[2025-08-15T18:56:06.286+0000] {logging_mixin.py:188} INFO - Página 9 → 10 frases coletadas
[2025-08-15T18:56:06.743+0000] {logging_mixin.py:188} INFO - Página 10 → 10 frases coletadas
[2025-08-15T18:56:07.121+0000] {logging_mixin.py:188} INFO - Total de 100 frases salvas em /opt/airflow/dags/quotes.csv
[2025-08-15T18:56:07.122+0000] {python.py:201} INFO - Done. Returned value was: None
[2025-08-15T18:56:07.134+0000] {taskinstance.py:1138} INFO - Marking task as SUCCESS. dag_id=scrape_quotes, task_id=coletar_frases_task, execution_date=20250814T000000, start_date=20250815T185601, end_date=20250815T185607
[2025-08-15T18:56:07.167+0000] {local_task_job_runner.py:234} INFO - Task exited with return code 0
[2025-08-15T18:56:07.181+0000] {taskinstance.py:3280} INFO - 0 downstream tasks scheduled from follow-on schedule check
