[2025-08-15T19:56:55.187+0000] {taskinstance.py:1956} INFO - Dependencies all met for dep_context=non-requeueable deps ti=<TaskInstance: etl_quotes.extract_quotes_task manual__2025-08-15T19:56:53.858525+00:00 [queued]>
[2025-08-15T19:56:55.193+0000] {taskinstance.py:1956} INFO - Dependencies all met for dep_context=requeueable deps ti=<TaskInstance: etl_quotes.extract_quotes_task manual__2025-08-15T19:56:53.858525+00:00 [queued]>
[2025-08-15T19:56:55.194+0000] {taskinstance.py:2170} INFO - Starting attempt 1 of 1
[2025-08-15T19:56:55.206+0000] {taskinstance.py:2191} INFO - Executing <Task(PythonOperator): extract_quotes_task> on 2025-08-15 19:56:53.858525+00:00
[2025-08-15T19:56:55.211+0000] {standard_task_runner.py:60} INFO - Started process 924 to run task
[2025-08-15T19:56:55.215+0000] {standard_task_runner.py:87} INFO - Running: ['airflow', 'tasks', 'run', 'etl_quotes', 'extract_quotes_task', 'manual__2025-08-15T19:56:53.858525+00:00', '--job-id', '12', '--raw', '--subdir', 'DAGS_FOLDER/etl_quotes.py', '--cfg-path', '/tmp/tmpx_78eq7t']
[2025-08-15T19:56:55.217+0000] {standard_task_runner.py:88} INFO - Job 12: Subtask extract_quotes_task
[2025-08-15T19:56:55.230+0000] {logging_mixin.py:188} WARNING - /home/airflow/.local/lib/python3.8/site-packages/airflow/settings.py:194 DeprecationWarning: The sql_alchemy_conn option in [core] has been moved to the sql_alchemy_conn option in [database] - the old setting has been used, but please update your config.
[2025-08-15T19:56:55.261+0000] {task_command.py:423} INFO - Running <TaskInstance: etl_quotes.extract_quotes_task manual__2025-08-15T19:56:53.858525+00:00 [running]> on host ce06bc1fd883
[2025-08-15T19:56:55.345+0000] {taskinstance.py:2480} INFO - Exporting env vars: AIRFLOW_CTX_DAG_OWNER='airflow' AIRFLOW_CTX_DAG_ID='etl_quotes' AIRFLOW_CTX_TASK_ID='extract_quotes_task' AIRFLOW_CTX_EXECUTION_DATE='2025-08-15T19:56:53.858525+00:00' AIRFLOW_CTX_TRY_NUMBER='1' AIRFLOW_CTX_DAG_RUN_ID='manual__2025-08-15T19:56:53.858525+00:00'
[2025-08-15T19:56:55.839+0000] {logging_mixin.py:188} INFO - Página 1 → 10 frases coletadas
[2025-08-15T19:56:56.306+0000] {logging_mixin.py:188} INFO - Página 2 → 10 frases coletadas
[2025-08-15T19:56:56.752+0000] {logging_mixin.py:188} INFO - Página 3 → 10 frases coletadas
[2025-08-15T19:56:57.200+0000] {logging_mixin.py:188} INFO - Página 4 → 10 frases coletadas
[2025-08-15T19:56:57.646+0000] {logging_mixin.py:188} INFO - Página 5 → 10 frases coletadas
[2025-08-15T19:56:58.238+0000] {logging_mixin.py:188} INFO - Página 6 → 10 frases coletadas
[2025-08-15T19:56:58.686+0000] {logging_mixin.py:188} INFO - Página 7 → 10 frases coletadas
[2025-08-15T19:56:59.153+0000] {logging_mixin.py:188} INFO - Página 8 → 10 frases coletadas
[2025-08-15T19:56:59.654+0000] {logging_mixin.py:188} INFO - Página 9 → 10 frases coletadas
[2025-08-15T19:57:00.104+0000] {logging_mixin.py:188} INFO - Página 10 → 10 frases coletadas
[2025-08-15T19:57:00.466+0000] {logging_mixin.py:188} INFO - Total de 100 frases salvas em /opt/airflow/dags/quotes.csv
[2025-08-15T19:57:00.468+0000] {python.py:201} INFO - Done. Returned value was: None
[2025-08-15T19:57:00.478+0000] {taskinstance.py:1138} INFO - Marking task as SUCCESS. dag_id=etl_quotes, task_id=extract_quotes_task, execution_date=20250815T195653, start_date=20250815T195655, end_date=20250815T195700
[2025-08-15T19:57:00.523+0000] {local_task_job_runner.py:234} INFO - Task exited with return code 0
[2025-08-15T19:57:00.544+0000] {taskinstance.py:3280} INFO - 1 downstream tasks scheduled from follow-on schedule check
